<?xml version="1.0" encoding="UTF-8"?>
<!-- Generated by org.testng.reporters.JUnitReportReporter -->
<testsuite hostname="DESKTOP-7125LT4" failures="0" tests="5" name="Api.Api_Petstore" time="78.397" errors="0" timestamp="19 Aug 2022 05:21:34 GMT" skipped="0">
  <testcase classname="Api.Api_Petstore" name="create" time="13.078"/>
  <testcase classname="Api.Api_Petstore" name="confirm" time="8.328"/>
  <testcase classname="Api.Api_Petstore" name="verifyByStatus" time="16.220"/>
  <testcase classname="Api.Api_Petstore" name="verifyByStatus" time="22.513"/>
  <testcase classname="Api.Api_Petstore" name="verifyByStatus" time="18.258"/>
</testsuite> <!-- Api.Api_Petstore -->
